<?xml version="1.0" encoding="UTF-8"?>
<!-- Generated by org.testng.reporters.JUnitXMLReporter -->
<testsuite hostname="Nandeesh" ignored="0" name="Test" tests="3" failures="0" timestamp="2020-08-14T15:10:05 IST" time="148.618" errors="0">
  <testcase name="LoginPageTest" time="0.68" classname="com.test.OrangeHRMTest"/>
  <testcase name="loginTest" time="73.862" classname="com.test.OrangeHRMTest"/>
  <testcase name="sampleCase" time="0.006" classname="com.test.OrangeHRMTest"/>
</testsuite> <!-- Test -->
